2022-09-09 14:12:39,442 DEBUG    root            Loaded Command Group: ['gcloud', 'config']
2022-09-09 14:12:39,444 DEBUG    root            Loaded Command Group: ['gcloud', 'config', 'config_helper']
2022-09-09 14:12:39,447 DEBUG    root            Running [gcloud.config.config-helper] with arguments: [--format: "json", --quiet: "True"]
2022-09-09 14:12:39,464 DEBUG    google.auth.transport.requests Making request: GET http://metadata.google.internal/computeMetadata/v1/instance/service-accounts/b260376@dac.unicamp.br/?recursive=true
2022-09-09 14:12:39,467 DEBUG    urllib3.connectionpool Starting new HTTP connection (1): metadata.google.internal:80
2022-09-09 14:12:39,470 DEBUG    urllib3.connectionpool http://metadata.google.internal:80 "GET /computeMetadata/v1/instance/service-accounts/b260376@dac.unicamp.br/?recursive=true HTTP/1.1" 200 None
2022-09-09 14:12:39,471 DEBUG    google.auth.transport.requests Making request: GET http://metadata.google.internal/computeMetadata/v1/instance/service-accounts/b260376@dac.unicamp.br/token
2022-09-09 14:12:39,473 DEBUG    urllib3.connectionpool Resetting dropped connection: metadata.google.internal
2022-09-09 14:12:39,476 DEBUG    urllib3.connectionpool http://metadata.google.internal:80 "GET /computeMetadata/v1/instance/service-accounts/b260376@dac.unicamp.br/token HTTP/1.1" 200 None
2022-09-09 14:12:39,492 INFO     root            Display format: "default json"
2022-09-09 14:12:39,493 INFO     ___FILE_ONLY___ {
  "configuration": {
    "active_configuration": "default",
    "properties": {
      "accessibility": {
        "screen_reader": "True"
      },
      "component_manager": {
        "disable_update_check": "True"
      },
      "compute": {
        "gce_metadata_read_timeout_sec": "30"
      },
      "core": {
        "account": "b260376@dac.unicamp.br",
        "disable_prompts": "True",
        "disable_usage_reporting": "True",
        "print_unhandled_tracebacks": "true"
      },
      "metrics": {
        "environment": "cloudcode.vscode",
        "environment_version": "1.19.0"
      }
    }
  },
  "credential": {
    "access_token": "ya29.a0AVA9y1vnkaOefSaP7oyVQ2LU-e3zY7KM8gK5orEd2bif7sqv7q6m96LXj30gr7pIXvDiKAmgLyTe1i6TS0CL6FUEn8I9gBhL0dte5Frjjx937_IpR8aWj-ORvoZYZ2KlcWmDu7_K1pjFlmPmpyqOk5Y_w_O7AvX_fJ6llKjVFiCw3q_VnmP4jhCgEhxMqXmjqFCUFXR5LOmYCSqX8yFszSibJ8kNldstHn9ZrcOSKAAxS17nNVahINElfepGte_R8PEyAQaCgYKATASARESFQE65dr8aLTeuA0pxZH-sSIO4Wd28g0269",
    "id_token": "eyJhbGciOiJSUzI1NiIsImtpZCI6ImU4NDdkOTk0OGU4NTQ1OTQ4ZmE4MTU3YjczZTkxNWM1NjczMDJkNGUiLCJ0eXAiOiJKV1QifQ.eyJpc3MiOiJhY2NvdW50cy5nb29nbGUuY29tIiwiYXpwIjoiNjE4MTA0NzA4MDU0LTlyOXMxYzRhbGczNmVybGl1Y2hvOXQ1Mm4zMm42ZGdxLmFwcHMuZ29vZ2xldXNlcmNvbnRlbnQuY29tIiwiYXVkIjoiNjE4MTA0NzA4MDU0LTlyOXMxYzRhbGczNmVybGl1Y2hvOXQ1Mm4zMm42ZGdxLmFwcHMuZ29vZ2xldXNlcmNvbnRlbnQuY29tIiwic3ViIjoiMTAxNzM4OTYwNzA0MTk2MzQxMzg4IiwiaGQiOiJkYWMudW5pY2FtcC5iciIsImVtYWlsIjoiYjI2MDM3NkBkYWMudW5pY2FtcC5iciIsImVtYWlsX3ZlcmlmaWVkIjp0cnVlLCJhdF9oYXNoIjoiYTk5clhjemkzX3J6SU1hTzJ0RmJVdyIsImlhdCI6MTY2MjczMjY5MiwiZXhwIjoxNjYyNzM2MjkyLCJqdGkiOiI0OTY2YTY3ZmNjZTM0ZGFjMTBmZWY0ODg5NWJlNzVhYWJjZmY1MzgzIn0.oKE2NfFdlYKSkxYHka9c7W0QmjVJKq9s27fqtrU2xin58FYJNQMyFgRS5rR7th1j11Urar1ldRFt_g298gEjxsYXamLnaHS6Hw_4_pKiPbWKSxDQnVR9qJ-DmNCsTD2LjNJAj0VpkR9BczMUQjQ6L6cJYSlZLft3VrmxdaktcxagnHelKc0p8mrNwKZyH9nvrqCKK_XATZorwi4-0bYCt93IY113ug50q-AcmppXcspJQwh0FvQgMgtXasFHHC-iYqfO-8fqqHUb5UBn1DTnmxYhIccTDvEXY-hyJAOgg3zlRm3t4CHCuYraQvElv8u5-ZBS00LC_O6WhQ4eQk0C-g",
    "token_expiry": "2022-09-09T15:11:56Z"
  },
  "sentinels": {
    "config_sentinel": "/home/b260376/.config/gcloud/config_sentinel"
  }
}
2022-09-09 14:12:39,493 INFO     ___FILE_ONLY___ 

2022-09-09 14:12:39,494 DEBUG    root            SDK update checks are disabled.
